<?xml version="1.0" encoding="UTF-8" standalone="yes"?><!DOCTYPE report PUBLIC "-//JACOCO//DTD Report 1.0//EN" "report.dtd">
<report name="Eloc">
    <sessioninfo id="user1964-c0d4bcca" start="1478111016038" dump="1478111017375"/>
    <package name="com/aurea/jacoco">
        <class name="com/aurea/jacoco/Duplicate">
            <method name="&lt;init&gt;" desc="(ILcom/google/common/collect/Range;ILjava/lang/String;)V" line="11">
                <counter type="INSTRUCTION" missed="15" covered="0"/>
                <counter type="LINE" missed="6" covered="0"/>
                <counter type="COMPLEXITY" missed="1" covered="0"/>
                <counter type="METHOD" missed="1" covered="0"/>
            </method>
            <method name="getTimes" desc="()I" line="19">
                <counter type="INSTRUCTION" missed="3" covered="0"/>
                <counter type="LINE" missed="1" covered="0"/>
                <counter type="COMPLEXITY" missed="1" covered="0"/>
                <counter type="METHOD" missed="1" covered="0"/>
            </method>
            <method name="getGroup" desc="()I" line="23">
                <counter type="INSTRUCTION" missed="3" covered="0"/>
                <counter type="LINE" missed="1" covered="0"/>
                <counter type="COMPLEXITY" missed="1" covered="0"/>
                <counter type="METHOD" missed="1" covered="0"/>
            </method>
            <method name="getLines" desc="()Lcom/google/common/collect/Range;" line="27">
                <counter type="INSTRUCTION" missed="3" covered="0"/>
                <counter type="LINE" missed="1" covered="0"/>
                <counter type="COMPLEXITY" missed="1" covered="0"/>
                <counter type="METHOD" missed="1" covered="0"/>
            </method>
            <method name="getClassName" desc="()Ljava/lang/String;" line="31">
                <counter type="INSTRUCTION" missed="3" covered="0"/>
                <counter type="LINE" missed="1" covered="0"/>
                <counter type="COMPLEXITY" missed="1" covered="0"/>
                <counter type="METHOD" missed="1" covered="0"/>
            </method>
            <method name="distance" desc="()I" line="35">
                <counter type="INSTRUCTION" missed="12" covered="0"/>
                <counter type="LINE" missed="1" covered="0"/>
                <counter type="COMPLEXITY" missed="1" covered="0"/>
                <counter type="METHOD" missed="1" covered="0"/>
            </method>
            <method name="toString" desc="()Ljava/lang/String;" line="40">
                <counter type="INSTRUCTION" missed="13" covered="0"/>
                <counter type="LINE" missed="1" covered="0"/>
                <counter type="COMPLEXITY" missed="1" covered="0"/>
                <counter type="METHOD" missed="1" covered="0"/>
            </method>
            <counter type="INSTRUCTION" missed="52" covered="0"/>
            <counter type="LINE" missed="12" covered="0"/>
            <counter type="COMPLEXITY" missed="7" covered="0"/>
            <counter type="METHOD" missed="7" covered="0"/>
            <counter type="CLASS" missed="1" covered="0"/>
        </class>
        <class name="com/aurea/jacoco/Main">
            <method name="&lt;init&gt;" desc="()V" line="25">
                <counter type="INSTRUCTION" missed="3" covered="0"/>
                <counter type="LINE" missed="1" covered="0"/>
                <counter type="COMPLEXITY" missed="1" covered="0"/>
                <counter type="METHOD" missed="1" covered="0"/>
            </method>
            <method name="main" desc="([Ljava/lang/String;)V" line="32">
                <counter type="INSTRUCTION" missed="144" covered="0"/>
                <counter type="BRANCH" missed="2" covered="0"/>
                <counter type="LINE" missed="29" covered="0"/>
                <counter type="COMPLEXITY" missed="2" covered="0"/>
                <counter type="METHOD" missed="1" covered="0"/>
            </method>
            <method name="printDuplicatesPerClass" desc="(Lcom/google/common/collect/Multimap;)V" line="88">
                <counter type="INSTRUCTION" missed="16" covered="0"/>
                <counter type="LINE" missed="4" covered="0"/>
                <counter type="COMPLEXITY" missed="1" covered="0"/>
                <counter type="METHOD" missed="1" covered="0"/>
            </method>
            <method name="getCoveredLines" desc="(Ljava/lang/String;)Lcom/google/common/collect/Multimap;" line="99">
                <counter type="INSTRUCTION" missed="23" covered="0"/>
                <counter type="LINE" missed="7" covered="0"/>
                <counter type="COMPLEXITY" missed="1" covered="0"/>
                <counter type="METHOD" missed="1" covered="0"/>
            </method>
            <method name="getDuplicates" desc="(Ljava/lang/String;)Lcom/google/common/collect/Multimap;" line="138">
                <counter type="INSTRUCTION" missed="21" covered="0"/>
                <counter type="LINE" missed="5" covered="0"/>
                <counter type="COMPLEXITY" missed="1" covered="0"/>
                <counter type="METHOD" missed="1" covered="0"/>
            </method>
            <method name="log" desc="(II)D" line="172">
                <counter type="INSTRUCTION" missed="8" covered="0"/>
                <counter type="LINE" missed="1" covered="0"/>
                <counter type="COMPLEXITY" missed="1" covered="0"/>
                <counter type="METHOD" missed="1" covered="0"/>
            </method>
            <method name="lambda$getDuplicates$9" desc="(Lcom/google/common/collect/Multimap;Ljava/nio/file/Path;)V" line="144">
                <counter type="INSTRUCTION" missed="32" covered="0"/>
                <counter type="LINE" missed="8" covered="0"/>
                <counter type="COMPLEXITY" missed="1" covered="0"/>
                <counter type="METHOD" missed="1" covered="0"/>
            </method>
            <method name="lambda$null$8" desc="(Lcom/google/common/collect/Multimap;IILjava/nio/file/Path;)V" line="149">
                <counter type="INSTRUCTION" missed="76" covered="0"/>
                <counter type="BRANCH" missed="2" covered="0"/>
                <counter type="LINE" missed="12" covered="0"/>
                <counter type="COMPLEXITY" missed="2" covered="0"/>
                <counter type="METHOD" missed="1" covered="0"/>
            </method>
            <method name="lambda$getDuplicates$7" desc="(Ljava/nio/file/Path;)Z" line="141">
                <counter type="INSTRUCTION" missed="5" covered="0"/>
                <counter type="LINE" missed="1" covered="0"/>
                <counter type="COMPLEXITY" missed="1" covered="0"/>
                <counter type="METHOD" missed="1" covered="0"/>
            </method>
            <method name="lambda$getCoveredLines$6" desc="(Lcom/google/common/collect/Multimap;Ljava/io/File;)V" line="107">
                <counter type="INSTRUCTION" missed="118" covered="0"/>
                <counter type="BRANCH" missed="16" covered="0"/>
                <counter type="LINE" missed="23" covered="0"/>
                <counter type="COMPLEXITY" missed="9" covered="0"/>
                <counter type="METHOD" missed="1" covered="0"/>
            </method>
            <method name="lambda$getCoveredLines$5" desc="(Ljava/io/File;)Z" line="104">
                <counter type="INSTRUCTION" missed="12" covered="0"/>
                <counter type="BRANCH" missed="4" covered="0"/>
                <counter type="LINE" missed="1" covered="0"/>
                <counter type="COMPLEXITY" missed="3" covered="0"/>
                <counter type="METHOD" missed="1" covered="0"/>
            </method>
            <method name="lambda$printDuplicatesPerClass$4" desc="(Ljava/util/TreeMap;Ljava/lang/Integer;)V" line="94">
                <counter type="INSTRUCTION" missed="17" covered="0"/>
                <counter type="LINE" missed="2" covered="0"/>
                <counter type="COMPLEXITY" missed="1" covered="0"/>
                <counter type="METHOD" missed="1" covered="0"/>
            </method>
            <method name="lambda$printDuplicatesPerClass$3" desc="(Lcom/google/common/collect/Multimap;Ljava/util/TreeMap;Ljava/lang/String;)V" line="90">
                <counter type="INSTRUCTION" missed="15" covered="0"/>
                <counter type="LINE" missed="3" covered="0"/>
                <counter type="COMPLEXITY" missed="1" covered="0"/>
                <counter type="METHOD" missed="1" covered="0"/>
            </method>
            <method name="lambda$main$2" desc="(Lcom/google/common/collect/ImmutableListMultimap;Ljava/lang/Integer;)I" line="67">
                <counter type="INSTRUCTION" missed="20" covered="0"/>
                <counter type="LINE" missed="4" covered="0"/>
                <counter type="COMPLEXITY" missed="1" covered="0"/>
                <counter type="METHOD" missed="1" covered="0"/>
            </method>
            <method name="lambda$main$1" desc="(Lcom/google/common/collect/ImmutableListMultimap;Ljava/lang/Integer;)I" line="59">
                <counter type="INSTRUCTION" missed="30" covered="0"/>
                <counter type="LINE" missed="5" covered="0"/>
                <counter type="COMPLEXITY" missed="1" covered="0"/>
                <counter type="METHOD" missed="1" covered="0"/>
            </method>
            <method name="lambda$main$0" desc="(Ljava/util/Map;Lcom/aurea/jacoco/Duplicate;)V" line="55">
                <counter type="INSTRUCTION" missed="11" covered="0"/>
                <counter type="LINE" missed="1" covered="0"/>
                <counter type="COMPLEXITY" missed="1" covered="0"/>
                <counter type="METHOD" missed="1" covered="0"/>
            </method>
            <method name="&lt;clinit&gt;" desc="()V" line="27">
                <counter type="INSTRUCTION" missed="8" covered="0"/>
                <counter type="LINE" missed="2" covered="0"/>
                <counter type="COMPLEXITY" missed="1" covered="0"/>
                <counter type="METHOD" missed="1" covered="0"/>
            </method>
            <counter type="INSTRUCTION" missed="559" covered="0"/>
            <counter type="BRANCH" missed="24" covered="0"/>
            <counter type="LINE" missed="106" covered="0"/>
            <counter type="COMPLEXITY" missed="29" covered="0"/>
            <counter type="METHOD" missed="17" covered="0"/>
            <counter type="CLASS" missed="1" covered="0"/>
        </class>
        <class name="com/aurea/jacoco/SettersGettersLocFinder">
            <method name="&lt;init&gt;" desc="()V" line="19">
                <counter type="INSTRUCTION" missed="3" covered="0"/>
                <counter type="LINE" missed="1" covered="0"/>
                <counter type="COMPLEXITY" missed="1" covered="0"/>
                <counter type="METHOD" missed="1" covered="0"/>
            </method>
            <method name="findUncoveredLinesInSettersGetters" desc="(Ljava/lang/String;)Ljava/util/Map;" line="27">
                <counter type="INSTRUCTION" missed="25" covered="0"/>
                <counter type="LINE" missed="7" covered="0"/>
                <counter type="COMPLEXITY" missed="1" covered="0"/>
                <counter type="METHOD" missed="1" covered="0"/>
            </method>
            <method name="isUncovered" desc="(Lorg/jsoup/nodes/Element;)Z" line="63">
                <counter type="INSTRUCTION" missed="25" covered="0"/>
                <counter type="BRANCH" missed="2" covered="0"/>
                <counter type="LINE" missed="3" covered="0"/>
                <counter type="COMPLEXITY" missed="2" covered="0"/>
                <counter type="METHOD" missed="1" covered="0"/>
            </method>
            <method name="lambda$findUncoveredLinesInSettersGetters$1" desc="(Ljava/util/Map;Ljava/io/File;)V" line="35">
                <counter type="INSTRUCTION" missed="99" covered="0"/>
                <counter type="BRANCH" missed="14" covered="0"/>
                <counter type="LINE" missed="20" covered="0"/>
                <counter type="COMPLEXITY" missed="8" covered="0"/>
                <counter type="METHOD" missed="1" covered="0"/>
            </method>
            <method name="lambda$findUncoveredLinesInSettersGetters$0" desc="(Ljava/io/File;)Z" line="32">
                <counter type="INSTRUCTION" missed="17" covered="0"/>
                <counter type="BRANCH" missed="6" covered="0"/>
                <counter type="LINE" missed="1" covered="0"/>
                <counter type="COMPLEXITY" missed="4" covered="0"/>
                <counter type="METHOD" missed="1" covered="0"/>
            </method>
            <method name="&lt;clinit&gt;" desc="()V" line="24">
                <counter type="INSTRUCTION" missed="5" covered="0"/>
                <counter type="LINE" missed="1" covered="0"/>
                <counter type="COMPLEXITY" missed="1" covered="0"/>
                <counter type="METHOD" missed="1" covered="0"/>
            </method>
            <counter type="INSTRUCTION" missed="174" covered="0"/>
            <counter type="BRANCH" missed="22" covered="0"/>
            <counter type="LINE" missed="32" covered="0"/>
            <counter type="COMPLEXITY" missed="17" covered="0"/>
            <counter type="METHOD" missed="6" covered="0"/>
            <counter type="CLASS" missed="1" covered="0"/>
        </class>
        <class name="com/aurea/jacoco/JacocoReportParser">
            <method name="&lt;init&gt;" desc="(Ljava/nio/file/Path;)V" line="31">
                <counter type="INSTRUCTION" missed="0" covered="10"/>
                <counter type="LINE" missed="0" covered="4"/>
                <counter type="COMPLEXITY" missed="0" covered="1"/>
                <counter type="METHOD" missed="0" covered="1"/>
            </method>
            <method name="findCoveredRanges" desc="()Ljava/util/Map;" line="38">
                <counter type="INSTRUCTION" missed="15" covered="14"/>
                <counter type="LINE" missed="3" covered="3"/>
                <counter type="COMPLEXITY" missed="0" covered="1"/>
                <counter type="METHOD" missed="0" covered="1"/>
            </method>
            <method name="findCoveredMethods" desc="()Ljava/util/Map;" line="74">
                <counter type="INSTRUCTION" missed="15" covered="13"/>
                <counter type="LINE" missed="3" covered="3"/>
                <counter type="COMPLEXITY" missed="0" covered="1"/>
                <counter type="METHOD" missed="0" covered="1"/>
            </method>
            <method name="getSourceReports" desc="()Ljava/util/stream/Stream;" line="105">
                <counter type="INSTRUCTION" missed="0" covered="5"/>
                <counter type="LINE" missed="0" covered="1"/>
                <counter type="COMPLEXITY" missed="0" covered="1"/>
                <counter type="METHOD" missed="0" covered="1"/>
            </method>
            <method name="getFileReports" desc="()Ljava/util/stream/Stream;" line="109">
                <counter type="INSTRUCTION" missed="0" covered="5"/>
                <counter type="LINE" missed="0" covered="1"/>
                <counter type="COMPLEXITY" missed="0" covered="1"/>
                <counter type="METHOD" missed="0" covered="1"/>
            </method>
            <method name="mapToFilesOnly" desc="()Ljava/util/stream/Stream;" line="116">
                <counter type="INSTRUCTION" missed="0" covered="10"/>
                <counter type="LINE" missed="0" covered="1"/>
                <counter type="COMPLEXITY" missed="0" covered="1"/>
                <counter type="METHOD" missed="0" covered="1"/>
            </method>
            <method name="isPartiallyCovered" desc="(Lorg/jsoup/nodes/Element;)Z" line="120">
                <counter type="INSTRUCTION" missed="0" covered="4"/>
                <counter type="LINE" missed="0" covered="1"/>
                <counter type="COMPLEXITY" missed="0" covered="1"/>
                <counter type="METHOD" missed="0" covered="1"/>
            </method>
            <method name="isFullyCovered" desc="(Lorg/jsoup/nodes/Element;)Z" line="124">
                <counter type="INSTRUCTION" missed="0" covered="4"/>
                <counter type="LINE" missed="0" covered="1"/>
                <counter type="COMPLEXITY" missed="0" covered="1"/>
                <counter type="METHOD" missed="0" covered="1"/>
            </method>
            <method name="lambda$mapToFilesOnly$4" desc="(Ljava/io/File;)Z" line="116">
                <counter type="INSTRUCTION" missed="0" covered="7"/>
                <counter type="BRANCH" missed="0" covered="2"/>
                <counter type="LINE" missed="0" covered="1"/>
                <counter type="COMPLEXITY" missed="0" covered="2"/>
                <counter type="METHOD" missed="0" covered="1"/>
            </method>
            <method name="lambda$getFileReports$3" desc="(Ljava/io/File;)Z" line="109">
                <counter type="INSTRUCTION" missed="0" covered="24"/>
                <counter type="BRANCH" missed="0" covered="8"/>
                <counter type="LINE" missed="0" covered="4"/>
                <counter type="COMPLEXITY" missed="0" covered="5"/>
                <counter type="METHOD" missed="0" covered="1"/>
            </method>
            <method name="lambda$getSourceReports$2" desc="(Ljava/io/File;)Z" line="105">
                <counter type="INSTRUCTION" missed="0" covered="5"/>
                <counter type="LINE" missed="0" covered="1"/>
                <counter type="COMPLEXITY" missed="0" covered="1"/>
                <counter type="METHOD" missed="0" covered="1"/>
            </method>
            <method name="lambda$findCoveredMethods$1" desc="(Ljava/util/Map;Ljava/io/File;)V" line="77">
                <counter type="INSTRUCTION" missed="22" covered="77"/>
                <counter type="BRANCH" missed="1" covered="3"/>
                <counter type="LINE" missed="4" covered="14"/>
                <counter type="COMPLEXITY" missed="1" covered="2"/>
                <counter type="METHOD" missed="0" covered="1"/>
            </method>
            <method name="lambda$findCoveredRanges$0" desc="(Ljava/util/Map;Ljava/io/File;)V" line="40">
                <counter type="INSTRUCTION" missed="43" covered="74"/>
                <counter type="BRANCH" missed="7" covered="7"/>
                <counter type="LINE" missed="7" covered="15"/>
                <counter type="COMPLEXITY" missed="6" covered="2"/>
                <counter type="METHOD" missed="0" covered="1"/>
            </method>
            <method name="&lt;clinit&gt;" desc="()V" line="22">
                <counter type="INSTRUCTION" missed="0" covered="9"/>
                <counter type="LINE" missed="0" covered="3"/>
                <counter type="COMPLEXITY" missed="0" covered="1"/>
                <counter type="METHOD" missed="0" covered="1"/>
            </method>
            <counter type="INSTRUCTION" missed="95" covered="261"/>
            <counter type="BRANCH" missed="8" covered="20"/>
            <counter type="LINE" missed="17" covered="50"/>
            <counter type="COMPLEXITY" missed="7" covered="21"/>
            <counter type="METHOD" missed="0" covered="14"/>
            <counter type="CLASS" missed="0" covered="1"/>
        </class>
        <class name="com/aurea/jacoco/JacocoReport">
            <method name="&lt;init&gt;" desc="(Ljava/lang/String;I)V" line="8">
                <counter type="INSTRUCTION" missed="0" covered="9"/>
                <counter type="LINE" missed="0" covered="4"/>
                <counter type="COMPLEXITY" missed="0" covered="1"/>
                <counter type="METHOD" missed="0" covered="1"/>
            </method>
            <method name="getName" desc="()Ljava/lang/String;" line="14">
                <counter type="INSTRUCTION" missed="3" covered="0"/>
                <counter type="LINE" missed="1" covered="0"/>
                <counter type="COMPLEXITY" missed="1" covered="0"/>
                <counter type="METHOD" missed="1" covered="0"/>
            </method>
            <method name="getTotalLines" desc="()I" line="18">
                <counter type="INSTRUCTION" missed="3" covered="0"/>
                <counter type="LINE" missed="1" covered="0"/>
                <counter type="COMPLEXITY" missed="1" covered="0"/>
                <counter type="METHOD" missed="1" covered="0"/>
            </method>
            <method name="equals" desc="(Ljava/lang/Object;)Z" line="23">
                <counter type="INSTRUCTION" missed="41" covered="0"/>
                <counter type="BRANCH" missed="14" covered="0"/>
                <counter type="LINE" missed="6" covered="0"/>
                <counter type="COMPLEXITY" missed="8" covered="0"/>
                <counter type="METHOD" missed="1" covered="0"/>
            </method>
            <method name="hashCode" desc="()I" line="36">
                <counter type="INSTRUCTION" missed="1" covered="17"/>
                <counter type="BRANCH" missed="1" covered="1"/>
                <counter type="LINE" missed="0" covered="3"/>
                <counter type="COMPLEXITY" missed="1" covered="1"/>
                <counter type="METHOD" missed="0" covered="1"/>
            </method>
            <counter type="INSTRUCTION" missed="48" covered="26"/>
            <counter type="BRANCH" missed="15" covered="1"/>
            <counter type="LINE" missed="8" covered="7"/>
            <counter type="COMPLEXITY" missed="11" covered="2"/>
            <counter type="METHOD" missed="3" covered="2"/>
            <counter type="CLASS" missed="0" covered="1"/>
        </class>
        <class name="com/aurea/jacoco/Main$1">
            <method name="&lt;init&gt;" desc="(Lcom/google/common/collect/Multimap;Lcom/google/common/collect/ImmutableMap;)V" line="44">
                <counter type="INSTRUCTION" missed="9" covered="0"/>
                <counter type="LINE" missed="1" covered="0"/>
                <counter type="COMPLEXITY" missed="1" covered="0"/>
                <counter type="METHOD" missed="1" covered="0"/>
            </method>
            <method name="apply" desc="(Ljava/util/Map$Entry;)Z" line="47">
                <counter type="INSTRUCTION" missed="23" covered="0"/>
                <counter type="LINE" missed="3" covered="0"/>
                <counter type="COMPLEXITY" missed="1" covered="0"/>
                <counter type="METHOD" missed="1" covered="0"/>
            </method>
            <counter type="INSTRUCTION" missed="32" covered="0"/>
            <counter type="LINE" missed="4" covered="0"/>
            <counter type="COMPLEXITY" missed="2" covered="0"/>
            <counter type="METHOD" missed="2" covered="0"/>
            <counter type="CLASS" missed="1" covered="0"/>
        </class>
        <sourcefile name="JacocoReport.java">
            <line nr="8" mi="0" ci="2" mb="0" cb="0"/>
            <line nr="9" mi="0" ci="3" mb="0" cb="0"/>
            <line nr="10" mi="0" ci="3" mb="0" cb="0"/>
            <line nr="11" mi="0" ci="1" mb="0" cb="0"/>
            <line nr="14" mi="3" ci="0" mb="0" cb="0"/>
            <line nr="18" mi="3" ci="0" mb="0" cb="0"/>
            <line nr="23" mi="5" ci="0" mb="2" cb="0"/>
            <line nr="24" mi="9" ci="0" mb="4" cb="0"/>
            <line nr="26" mi="3" ci="0" mb="0" cb="0"/>
            <line nr="28" mi="7" ci="0" mb="2" cb="0"/>
            <line nr="29" mi="15" ci="0" mb="6" cb="0"/>
            <line nr="31" mi="2" ci="0" mb="0" cb="0"/>
            <line nr="36" mi="1" ci="8" mb="1" cb="1"/>
            <line nr="37" mi="0" ci="7" mb="0" cb="0"/>
            <line nr="38" mi="0" ci="2" mb="0" cb="0"/>
            <counter type="INSTRUCTION" missed="48" covered="26"/>
            <counter type="BRANCH" missed="15" covered="1"/>
            <counter type="LINE" missed="8" covered="7"/>
            <counter type="COMPLEXITY" missed="11" covered="2"/>
            <counter type="METHOD" missed="3" covered="2"/>
            <counter type="CLASS" missed="0" covered="1"/>
        </sourcefile>
        <sourcefile name="JacocoReportParser.java">
            <line nr="22" mi="0" ci="4" mb="0" cb="0"/>
            <line nr="24" mi="0" ci="2" mb="0" cb="0"/>
            <line nr="25" mi="0" ci="3" mb="0" cb="0"/>
            <line nr="31" mi="0" ci="2" mb="0" cb="0"/>
            <line nr="32" mi="0" ci="4" mb="0" cb="0"/>
            <line nr="33" mi="0" ci="3" mb="0" cb="0"/>
            <line nr="34" mi="0" ci="1" mb="0" cb="0"/>
            <line nr="38" mi="0" ci="4" mb="0" cb="0"/>
            <line nr="39" mi="0" ci="8" mb="0" cb="0"/>
            <line nr="40" mi="0" ci="17" mb="0" cb="0"/>
            <line nr="42" mi="0" ci="4" mb="0" cb="0"/>
            <line nr="43" mi="0" ci="4" mb="0" cb="0"/>
            <line nr="44" mi="0" ci="7" mb="0" cb="0"/>
            <line nr="45" mi="0" ci="2" mb="0" cb="0"/>
            <line nr="46" mi="0" ci="2" mb="0" cb="0"/>
            <line nr="47" mi="0" ci="4" mb="0" cb="0"/>
            <line nr="48" mi="0" ci="5" mb="0" cb="0"/>
            <line nr="49" mi="0" ci="10" mb="0" cb="2"/>
            <line nr="50" mi="2" ci="10" mb="2" cb="2"/>
            <line nr="51" mi="2" ci="2" mb="3" cb="1"/>
            <line nr="52" mi="6" ci="0" mb="0" cb="0"/>
            <line nr="53" mi="2" ci="0" mb="0" cb="0"/>
            <line nr="55" mi="0" ci="4" mb="2" cb="2"/>
            <line nr="56" mi="2" ci="0" mb="0" cb="0"/>
            <line nr="57" mi="8" ci="0" mb="0" cb="0"/>
            <line nr="58" mi="8" ci="0" mb="0" cb="0"/>
            <line nr="60" mi="0" ci="1" mb="0" cb="0"/>
            <line nr="61" mi="1" ci="0" mb="0" cb="0"/>
            <line nr="62" mi="12" ci="0" mb="0" cb="0"/>
            <line nr="63" mi="0" ci="1" mb="0" cb="0"/>
            <line nr="64" mi="0" ci="1" mb="0" cb="0"/>
            <line nr="65" mi="0" ci="2" mb="0" cb="0"/>
            <line nr="66" mi="1" ci="0" mb="0" cb="0"/>
            <line nr="67" mi="12" ci="0" mb="0" cb="0"/>
            <line nr="68" mi="2" ci="0" mb="0" cb="0"/>
            <line nr="74" mi="0" ci="4" mb="0" cb="0"/>
            <line nr="76" mi="0" ci="7" mb="0" cb="0"/>
            <line nr="77" mi="0" ci="17" mb="0" cb="0"/>
            <line nr="79" mi="0" ci="4" mb="0" cb="0"/>
            <line nr="80" mi="0" ci="4" mb="0" cb="0"/>
            <line nr="81" mi="0" ci="5" mb="0" cb="0"/>
            <line nr="82" mi="0" ci="10" mb="0" cb="0"/>
            <line nr="83" mi="0" ci="4" mb="0" cb="0"/>
            <line nr="84" mi="0" ci="5" mb="0" cb="0"/>
            <line nr="85" mi="0" ci="10" mb="0" cb="2"/>
            <line nr="86" mi="0" ci="6" mb="0" cb="0"/>
            <line nr="87" mi="0" ci="6" mb="0" cb="0"/>
            <line nr="88" mi="0" ci="3" mb="1" cb="1"/>
            <line nr="89" mi="5" ci="0" mb="0" cb="0"/>
            <line nr="90" mi="4" ci="0" mb="0" cb="0"/>
            <line nr="92" mi="0" ci="1" mb="0" cb="0"/>
            <line nr="93" mi="1" ci="0" mb="0" cb="0"/>
            <line nr="94" mi="12" ci="0" mb="0" cb="0"/>
            <line nr="95" mi="0" ci="1" mb="0" cb="0"/>
            <line nr="96" mi="0" ci="1" mb="0" cb="0"/>
            <line nr="97" mi="0" ci="2" mb="0" cb="0"/>
            <line nr="98" mi="1" ci="0" mb="0" cb="0"/>
            <line nr="99" mi="12" ci="0" mb="0" cb="0"/>
            <line nr="100" mi="2" ci="0" mb="0" cb="0"/>
            <line nr="105" mi="0" ci="10" mb="0" cb="0"/>
            <line nr="109" mi="0" ci="12" mb="0" cb="2"/>
            <line nr="110" mi="0" ci="5" mb="0" cb="2"/>
            <line nr="111" mi="0" ci="5" mb="0" cb="2"/>
            <line nr="112" mi="0" ci="7" mb="0" cb="2"/>
            <line nr="116" mi="0" ci="17" mb="0" cb="2"/>
            <line nr="120" mi="0" ci="4" mb="0" cb="0"/>
            <line nr="124" mi="0" ci="4" mb="0" cb="0"/>
            <counter type="INSTRUCTION" missed="95" covered="261"/>
            <counter type="BRANCH" missed="8" covered="20"/>
            <counter type="LINE" missed="17" covered="50"/>
            <counter type="COMPLEXITY" missed="7" covered="21"/>
            <counter type="METHOD" missed="0" covered="14"/>
            <counter type="CLASS" missed="0" covered="1"/>
        </sourcefile>
        <sourcefile name="Main.java">
            <line nr="25" mi="3" ci="0" mb="0" cb="0"/>
            <line nr="27" mi="4" ci="0" mb="0" cb="0"/>
            <line nr="29" mi="4" ci="0" mb="0" cb="0"/>
            <line nr="32" mi="2" ci="0" mb="0" cb="0"/>
            <line nr="33" mi="4" ci="0" mb="2" cb="0"/>
            <line nr="34" mi="3" ci="0" mb="0" cb="0"/>
            <line nr="35" mi="2" ci="0" mb="0" cb="0"/>
            <line nr="38" mi="4" ci="0" mb="0" cb="0"/>
            <line nr="39" mi="4" ci="0" mb="0" cb="0"/>
            <line nr="40" mi="3" ci="0" mb="0" cb="0"/>
            <line nr="41" mi="5" ci="0" mb="0" cb="0"/>
            <line nr="42" mi="3" ci="0" mb="0" cb="0"/>
            <line nr="44" mi="17" ci="0" mb="0" cb="0"/>
            <line nr="47" mi="9" ci="0" mb="0" cb="0"/>
            <line nr="48" mi="5" ci="0" mb="0" cb="0"/>
            <line nr="49" mi="9" ci="0" mb="0" cb="0"/>
            <line nr="53" mi="4" ci="0" mb="0" cb="0"/>
            <line nr="54" mi="5" ci="0" mb="0" cb="0"/>
            <line nr="55" mi="12" ci="0" mb="0" cb="0"/>
            <line nr="57" mi="5" ci="0" mb="0" cb="0"/>
            <line nr="58" mi="6" ci="0" mb="0" cb="0"/>
            <line nr="59" mi="4" ci="0" mb="0" cb="0"/>
            <line nr="60" mi="7" ci="0" mb="0" cb="0"/>
            <line nr="61" mi="3" ci="0" mb="0" cb="0"/>
            <line nr="62" mi="6" ci="0" mb="0" cb="0"/>
            <line nr="63" mi="10" ci="0" mb="0" cb="0"/>
            <line nr="64" mi="2" ci="0" mb="0" cb="0"/>
            <line nr="66" mi="6" ci="0" mb="0" cb="0"/>
            <line nr="67" mi="4" ci="0" mb="0" cb="0"/>
            <line nr="68" mi="7" ci="0" mb="0" cb="0"/>
            <line nr="69" mi="3" ci="0" mb="0" cb="0"/>
            <line nr="70" mi="6" ci="0" mb="0" cb="0"/>
            <line nr="71" mi="2" ci="0" mb="0" cb="0"/>
            <line nr="73" mi="10" ci="0" mb="0" cb="0"/>
            <line nr="74" mi="10" ci="0" mb="0" cb="0"/>
            <line nr="76" mi="4" ci="0" mb="0" cb="0"/>
            <line nr="77" mi="1" ci="0" mb="0" cb="0"/>
            <line nr="78" mi="2" ci="0" mb="0" cb="0"/>
            <line nr="79" mi="10" ci="0" mb="0" cb="0"/>
            <line nr="80" mi="6" ci="0" mb="0" cb="0"/>
            <line nr="81" mi="7" ci="0" mb="0" cb="0"/>
            <line nr="82" mi="10" ci="0" mb="0" cb="0"/>
            <line nr="84" mi="14" ci="0" mb="0" cb="0"/>
            <line nr="85" mi="1" ci="0" mb="0" cb="0"/>
            <line nr="88" mi="4" ci="0" mb="0" cb="0"/>
            <line nr="89" mi="6" ci="0" mb="0" cb="0"/>
            <line nr="90" mi="8" ci="0" mb="0" cb="0"/>
            <line nr="91" mi="6" ci="0" mb="0" cb="0"/>
            <line nr="92" mi="1" ci="0" mb="0" cb="0"/>
            <line nr="93" mi="5" ci="0" mb="0" cb="0"/>
            <line nr="94" mi="16" ci="0" mb="0" cb="0"/>
            <line nr="95" mi="1" ci="0" mb="0" cb="0"/>
            <line nr="96" mi="1" ci="0" mb="0" cb="0"/>
            <line nr="99" mi="5" ci="0" mb="0" cb="0"/>
            <line nr="100" mi="3" ci="0" mb="0" cb="0"/>
            <line nr="102" mi="5" ci="0" mb="0" cb="0"/>
            <line nr="103" mi="2" ci="0" mb="0" cb="0"/>
            <line nr="104" mi="14" ci="0" mb="4" cb="0"/>
            <line nr="106" mi="4" ci="0" mb="0" cb="0"/>
            <line nr="107" mi="17" ci="0" mb="0" cb="0"/>
            <line nr="109" mi="4" ci="0" mb="0" cb="0"/>
            <line nr="110" mi="4" ci="0" mb="0" cb="0"/>
            <line nr="111" mi="3" ci="0" mb="0" cb="0"/>
            <line nr="112" mi="6" ci="0" mb="0" cb="0"/>
            <line nr="113" mi="2" ci="0" mb="0" cb="0"/>
            <line nr="114" mi="2" ci="0" mb="0" cb="0"/>
            <line nr="115" mi="10" ci="0" mb="2" cb="0"/>
            <line nr="116" mi="12" ci="0" mb="4" cb="0"/>
            <line nr="117" mi="4" ci="0" mb="4" cb="0"/>
            <line nr="118" mi="6" ci="0" mb="0" cb="0"/>
            <line nr="119" mi="2" ci="0" mb="0" cb="0"/>
            <line nr="121" mi="4" ci="0" mb="4" cb="0"/>
            <line nr="122" mi="2" ci="0" mb="0" cb="0"/>
            <line nr="123" mi="8" ci="0" mb="0" cb="0"/>
            <line nr="124" mi="9" ci="0" mb="0" cb="0"/>
            <line nr="126" mi="1" ci="0" mb="0" cb="0"/>
            <line nr="127" mi="5" ci="0" mb="2" cb="0"/>
            <line nr="128" mi="9" ci="0" mb="0" cb="0"/>
            <line nr="130" mi="1" ci="0" mb="0" cb="0"/>
            <line nr="131" mi="5" ci="0" mb="0" cb="0"/>
            <line nr="132" mi="1" ci="0" mb="0" cb="0"/>
            <line nr="133" mi="1" ci="0" mb="0" cb="0"/>
            <line nr="134" mi="2" ci="0" mb="0" cb="0"/>
            <line nr="138" mi="5" ci="0" mb="0" cb="0"/>
            <line nr="139" mi="3" ci="0" mb="0" cb="0"/>
            <line nr="141" mi="10" ci="0" mb="0" cb="0"/>
            <line nr="142" mi="6" ci="0" mb="0" cb="0"/>
            <line nr="144" mi="8" ci="0" mb="0" cb="0"/>
            <line nr="145" mi="6" ci="0" mb="0" cb="0"/>
            <line nr="146" mi="3" ci="0" mb="0" cb="0"/>
            <line nr="147" mi="7" ci="0" mb="0" cb="0"/>
            <line nr="149" mi="5" ci="0" mb="0" cb="0"/>
            <line nr="150" mi="5" ci="0" mb="0" cb="0"/>
            <line nr="151" mi="4" ci="0" mb="0" cb="0"/>
            <line nr="152" mi="3" ci="0" mb="2" cb="0"/>
            <line nr="153" mi="8" ci="0" mb="0" cb="0"/>
            <line nr="154" mi="8" ci="0" mb="0" cb="0"/>
            <line nr="155" mi="15" ci="0" mb="0" cb="0"/>
            <line nr="156" mi="15" ci="0" mb="0" cb="0"/>
            <line nr="158" mi="1" ci="0" mb="0" cb="0"/>
            <line nr="159" mi="10" ci="0" mb="0" cb="0"/>
            <line nr="160" mi="1" ci="0" mb="0" cb="0"/>
            <line nr="162" mi="1" ci="0" mb="0" cb="0"/>
            <line nr="164" mi="1" ci="0" mb="0" cb="0"/>
            <line nr="165" mi="5" ci="0" mb="0" cb="0"/>
            <line nr="166" mi="1" ci="0" mb="0" cb="0"/>
            <line nr="167" mi="1" ci="0" mb="0" cb="0"/>
            <line nr="168" mi="2" ci="0" mb="0" cb="0"/>
            <line nr="172" mi="8" ci="0" mb="0" cb="0"/>
            <counter type="INSTRUCTION" missed="591" covered="0"/>
            <counter type="BRANCH" missed="24" covered="0"/>
            <counter type="LINE" missed="109" covered="0"/>
            <counter type="COMPLEXITY" missed="31" covered="0"/>
            <counter type="METHOD" missed="19" covered="0"/>
            <counter type="CLASS" missed="2" covered="0"/>
        </sourcefile>
        <sourcefile name="SettersGettersLocFinder.java">
            <line nr="19" mi="3" ci="0" mb="0" cb="0"/>
            <line nr="24" mi="5" ci="0" mb="0" cb="0"/>
            <line nr="27" mi="5" ci="0" mb="0" cb="0"/>
            <line nr="28" mi="4" ci="0" mb="0" cb="0"/>
            <line nr="30" mi="5" ci="0" mb="0" cb="0"/>
            <line nr="31" mi="2" ci="0" mb="0" cb="0"/>
            <line nr="32" mi="19" ci="0" mb="6" cb="0"/>
            <line nr="34" mi="5" ci="0" mb="0" cb="0"/>
            <line nr="35" mi="17" ci="0" mb="0" cb="0"/>
            <line nr="37" mi="2" ci="0" mb="0" cb="0"/>
            <line nr="38" mi="4" ci="0" mb="0" cb="0"/>
            <line nr="39" mi="4" ci="0" mb="0" cb="0"/>
            <line nr="40" mi="2" ci="0" mb="0" cb="0"/>
            <line nr="41" mi="10" ci="0" mb="2" cb="0"/>
            <line nr="42" mi="4" ci="0" mb="0" cb="0"/>
            <line nr="43" mi="8" ci="0" mb="0" cb="0"/>
            <line nr="44" mi="8" ci="0" mb="4" cb="0"/>
            <line nr="45" mi="4" ci="0" mb="2" cb="0"/>
            <line nr="46" mi="2" ci="0" mb="0" cb="0"/>
            <line nr="48" mi="8" ci="0" mb="4" cb="0"/>
            <line nr="49" mi="4" ci="0" mb="2" cb="0"/>
            <line nr="50" mi="1" ci="0" mb="0" cb="0"/>
            <line nr="53" mi="1" ci="0" mb="0" cb="0"/>
            <line nr="54" mi="6" ci="0" mb="0" cb="0"/>
            <line nr="55" mi="1" ci="0" mb="0" cb="0"/>
            <line nr="56" mi="11" ci="0" mb="0" cb="0"/>
            <line nr="57" mi="1" ci="0" mb="0" cb="0"/>
            <line nr="58" mi="1" ci="0" mb="0" cb="0"/>
            <line nr="59" mi="2" ci="0" mb="0" cb="0"/>
            <line nr="63" mi="9" ci="0" mb="0" cb="0"/>
            <line nr="64" mi="9" ci="0" mb="0" cb="0"/>
            <line nr="65" mi="7" ci="0" mb="2" cb="0"/>
            <counter type="INSTRUCTION" missed="174" covered="0"/>
            <counter type="BRANCH" missed="22" covered="0"/>
            <counter type="LINE" missed="32" covered="0"/>
            <counter type="COMPLEXITY" missed="17" covered="0"/>
            <counter type="METHOD" missed="6" covered="0"/>
            <counter type="CLASS" missed="1" covered="0"/>
        </sourcefile>
        <sourcefile name="Duplicate.java">
            <line nr="11" mi="2" ci="0" mb="0" cb="0"/>
            <line nr="12" mi="3" ci="0" mb="0" cb="0"/>
            <line nr="13" mi="3" ci="0" mb="0" cb="0"/>
            <line nr="14" mi="3" ci="0" mb="0" cb="0"/>
            <line nr="15" mi="3" ci="0" mb="0" cb="0"/>
            <line nr="16" mi="1" ci="0" mb="0" cb="0"/>
            <line nr="19" mi="3" ci="0" mb="0" cb="0"/>
            <line nr="23" mi="3" ci="0" mb="0" cb="0"/>
            <line nr="27" mi="3" ci="0" mb="0" cb="0"/>
            <line nr="31" mi="3" ci="0" mb="0" cb="0"/>
            <line nr="35" mi="12" ci="0" mb="0" cb="0"/>
            <line nr="40" mi="13" ci="0" mb="0" cb="0"/>
            <counter type="INSTRUCTION" missed="52" covered="0"/>
            <counter type="LINE" missed="12" covered="0"/>
            <counter type="COMPLEXITY" missed="7" covered="0"/>
            <counter type="METHOD" missed="7" covered="0"/>
            <counter type="CLASS" missed="1" covered="0"/>
        </sourcefile>
        <counter type="INSTRUCTION" missed="960" covered="287"/>
        <counter type="BRANCH" missed="69" covered="21"/>
        <counter type="LINE" missed="178" covered="57"/>
        <counter type="COMPLEXITY" missed="73" covered="23"/>
        <counter type="METHOD" missed="35" covered="16"/>
        <counter type="CLASS" missed="4" covered="2"/>
    </package>
    <counter type="INSTRUCTION" missed="960" covered="287"/>
    <counter type="BRANCH" missed="69" covered="21"/>
    <counter type="LINE" missed="178" covered="57"/>
    <counter type="COMPLEXITY" missed="73" covered="23"/>
    <counter type="METHOD" missed="35" covered="16"/>
    <counter type="CLASS" missed="4" covered="2"/>
</report>